<?xml version="1.0" encoding="UTF-8"?>
<testng-results ignored="2" total="3" passed="0" failed="1" skipped="0">
  <reporter-output>
    <line>
      <![CDATA[=== connect to DB , report config  BS ===]]>
    </line>
    <line>
      <![CDATA[=====Launch Browser BC=======]]>
    </line>
    <line>
      <![CDATA[=== Login to application BM=====]]>
    </line>
    <line>
      <![CDATA[==== Logout AM =====]]>
    </line>
    <line>
      <![CDATA[==== close the Browser AC======]]>
    </line>
    <line>
      <![CDATA[=== close DB, Report Backup AS ====]]>
    </line>
  </reporter-output>
  <suite started-at="2024-11-04T16:08:17 IST" name="Default suite" finished-at="2024-11-04T16:12:06 IST" duration-ms="229346">
    <groups>
      <group name="smoketest">
        <method signature="CreateOrg_Indu_Phone_Test.createorganTest()[pri:0, instance:com.comcast.crm.orgtest.CreateOrg_Indu_Phone_Test@72cc7e6f]" name="createorganTest" class="com.comcast.crm.orgtest.CreateOrg_Indu_Phone_Test"/>
      </group> <!-- smoketest -->
    </groups>
    <test started-at="2024-11-04T16:08:17 IST" name="Default test" finished-at="2024-11-04T16:12:06 IST" duration-ms="229346">
      <class name="com.comcast.crm.orgtest.CreateOrg_Indu_Phone_Test">
        <test-method is-config="true" signature="configBS()[pri:0, instance:com.comcast.crm.orgtest.CreateOrg_Indu_Phone_Test@72cc7e6f]" started-at="2024-11-04T16:07:08 IST" name="configBS" finished-at="2024-11-04T16:08:12 IST" duration-ms="64106" status="PASS">
          <reporter-output>
            <line>
              <![CDATA[=== connect to DB , report config  BS ===]]>
            </line>
          </reporter-output>
        </test-method> <!-- configBS -->
        <test-method is-config="true" signature="configBC()[pri:0, instance:com.comcast.crm.orgtest.CreateOrg_Indu_Phone_Test@72cc7e6f]" started-at="2024-11-04T16:08:17 IST" name="configBC" finished-at="2024-11-04T16:09:04 IST" duration-ms="46396" status="PASS">
          <reporter-output>
            <line>
              <![CDATA[=====Launch Browser BC=======]]>
            </line>
          </reporter-output>
        </test-method> <!-- configBC -->
        <test-method is-config="true" signature="configBM()[pri:0, instance:com.comcast.crm.orgtest.CreateOrg_Indu_Phone_Test@72cc7e6f]" started-at="2024-11-04T16:09:11 IST" name="configBM" finished-at="2024-11-04T16:09:50 IST" duration-ms="39883" status="PASS">
          <reporter-output>
            <line>
              <![CDATA[=== Login to application BM=====]]>
            </line>
          </reporter-output>
        </test-method> <!-- configBM -->
        <test-method signature="createorganTest()[pri:0, instance:com.comcast.crm.orgtest.CreateOrg_Indu_Phone_Test@72cc7e6f]" started-at="2024-11-04T16:09:58 IST" name="createorganTest" finished-at="2024-11-04T16:10:16 IST" duration-ms="17774" status="FAIL">
          <exception class="java.lang.NullPointerException">
            <message>
              <![CDATA[Cannot invoke "com.aventstack.extentreports.ExtentTest.log(com.aventstack.extentreports.Status, String)" because the return value of "com.comcast.crm.generic.webdriverutility.UtilityClassObject.getTest()" is null]]>
            </message>
            <full-stacktrace>
              <![CDATA[java.lang.NullPointerException: Cannot invoke "com.aventstack.extentreports.ExtentTest.log(com.aventstack.extentreports.Status, String)" because the return value of "com.comcast.crm.generic.webdriverutility.UtilityClassObject.getTest()" is null
at com.comcast.crm.orgtest.CreateOrg_Indu_Phone_Test.createorganTest(CreateOrg_Indu_Phone_Test.java:23)
at java.base/jdk.internal.reflect.NativeMethodAccessorImpl.invoke0(Native Method)
at java.base/jdk.internal.reflect.NativeMethodAccessorImpl.invoke(NativeMethodAccessorImpl.java:77)
at java.base/jdk.internal.reflect.DelegatingMethodAccessorImpl.invoke(DelegatingMethodAccessorImpl.java:43)
at java.base/java.lang.reflect.Method.invoke(Method.java:568)
at org.testng.internal.invokers.MethodInvocationHelper.invokeMethod(MethodInvocationHelper.java:139)
at org.testng.internal.invokers.TestInvoker.invokeMethod(TestInvoker.java:677)
at org.testng.internal.invokers.TestInvoker.invokeTestMethod(TestInvoker.java:221)
at org.testng.internal.invokers.MethodRunner.runInSequence(MethodRunner.java:50)
at org.testng.internal.invokers.TestInvoker$MethodInvocationAgent.invoke(TestInvoker.java:969)
at org.testng.internal.invokers.TestInvoker.invokeTestMethods(TestInvoker.java:194)
at org.testng.internal.invokers.TestMethodWorker.invokeTestMethods(TestMethodWorker.java:148)
at org.testng.internal.invokers.TestMethodWorker.run(TestMethodWorker.java:128)
at java.base/java.util.ArrayList.forEach(ArrayList.java:1511)
at org.testng.TestRunner.privateRun(TestRunner.java:829)
at org.testng.TestRunner.run(TestRunner.java:602)
at org.testng.SuiteRunner.runTest(SuiteRunner.java:437)
at org.testng.SuiteRunner.runSequentially(SuiteRunner.java:431)
at org.testng.SuiteRunner.privateRun(SuiteRunner.java:391)
at org.testng.SuiteRunner.run(SuiteRunner.java:330)
at org.testng.SuiteRunnerWorker.runSuite(SuiteRunnerWorker.java:52)
at org.testng.SuiteRunnerWorker.run(SuiteRunnerWorker.java:95)
at org.testng.TestNG.runSuitesSequentially(TestNG.java:1256)
at org.testng.TestNG.runSuitesLocally(TestNG.java:1176)
at org.testng.TestNG.runSuites(TestNG.java:1099)
at org.testng.TestNG.run(TestNG.java:1067)
at org.testng.remote.AbstractRemoteTestNG.run(AbstractRemoteTestNG.java:115)
at org.testng.remote.RemoteTestNG.initAndRun(RemoteTestNG.java:293)
at org.testng.remote.RemoteTestNG.main(RemoteTestNG.java:91)
]]>
            </full-stacktrace>
          </exception> <!-- java.lang.NullPointerException -->
          <reporter-output>
          </reporter-output>
        </test-method> <!-- createorganTest -->
        <test-method is-config="true" signature="configAM()[pri:0, instance:com.comcast.crm.orgtest.CreateOrg_Indu_Phone_Test@72cc7e6f]" started-at="2024-11-04T16:10:16 IST" name="configAM" finished-at="2024-11-04T16:11:41 IST" duration-ms="85454" status="PASS">
          <reporter-output>
            <line>
              <![CDATA[==== Logout AM =====]]>
            </line>
          </reporter-output>
        </test-method> <!-- configAM -->
        <test-method is-config="true" signature="configAC()[pri:0, instance:com.comcast.crm.orgtest.CreateOrg_Indu_Phone_Test@72cc7e6f]" started-at="2024-11-04T16:11:58 IST" name="configAC" finished-at="2024-11-04T16:12:04 IST" duration-ms="6783" status="PASS">
          <reporter-output>
            <line>
              <![CDATA[==== close the Browser AC======]]>
            </line>
          </reporter-output>
        </test-method> <!-- configAC -->
        <test-method is-config="true" signature="configAS()[pri:0, instance:com.comcast.crm.orgtest.CreateOrg_Indu_Phone_Test@72cc7e6f]" started-at="2024-11-04T16:12:14 IST" name="configAS" finished-at="2024-11-04T16:12:17 IST" duration-ms="2729" status="PASS">
          <reporter-output>
            <line>
              <![CDATA[=== close DB, Report Backup AS ====]]>
            </line>
          </reporter-output>
        </test-method> <!-- configAS -->
      </class> <!-- com.comcast.crm.orgtest.CreateOrg_Indu_Phone_Test -->
    </test> <!-- Default test -->
  </suite> <!-- Default suite -->
</testng-results>
