<?xml version="1.0" encoding="UTF-8"?>
<!-- Generated by org.testng.reporters.JUnitXMLReporter -->
<testsuite ignored="2" hostname="DESKTOP-OQCH81E" failures="0" tests="2" name="edge" time="70.043" errors="0" timestamp="2024-10-24T13:20:28 IST">
  <testcase classname="practice_Opportunities.practice_CreateOpportunitiesWithOrgTest_TC5" name="practice_createOpp_Org_Test" time="12.296"/>
  <testcase classname="practice_Products.practice_createproductTest_TC1" name="practice_createprodTest" time="11.345"/>
  <testcase classname="com.comcast.crm.basetest.BaseClass_practice" name="@BeforeSuite configBS" time="0.0">
    <ignored/>
  </testcase> <!-- @BeforeSuite configBS -->
  <testcase classname="com.comcast.crm.basetest.BaseClass_practice" name="@AfterSuite configAS" time="0.0">
    <ignored/>
  </testcase> <!-- @AfterSuite configAS -->
</testsuite> <!-- edge -->
