<?xml version="1.0" encoding="UTF-8"?>
<!-- Generated by org.testng.reporters.JUnitXMLReporter -->
<testsuite ignored="4" hostname="DESKTOP-OQCH81E" failures="0" tests="4" name="Test2" time="79.37" errors="0" timestamp="2024-10-24T13:18:40 IST">
  <testcase classname="practice_CalendarEvent.practice_CreateCalendarEventTest_TC6" name="practice_CreateCalendarEvent_Test" time="8.437"/>
  <testcase classname="practice_Leads.practice_createLeadsTest_TC4" name="practice_createLeads_Test" time="8.277"/>
  <testcase classname="practice_TroubleTicket.practice_createTroubleTicketTest_TC2_ContactEdit_TC3" name="practice_createTroubleTickTest" time="6.901"/>
  <testcase classname="practice_TroubleTicket.practice_createTroubleTicketTest_TC2_ContactEdit_TC3" name="practice_createTroubleTick_Edit_Test" time="11.551"/>
  <testcase classname="com.comcast.crm.basetest.BaseClass_practice" name="@AfterSuite configAS" time="0.0">
    <ignored/>
  </testcase> <!-- @AfterSuite configAS -->
  <testcase classname="com.comcast.crm.basetest.BaseClass_practice" name="@AfterSuite configAS" time="0.0">
    <ignored/>
  </testcase> <!-- @AfterSuite configAS -->
  <testcase classname="com.comcast.crm.basetest.BaseClass_practice" name="@BeforeSuite configBS" time="0.0">
    <ignored/>
  </testcase> <!-- @BeforeSuite configBS -->
  <testcase classname="com.comcast.crm.basetest.BaseClass_practice" name="@BeforeSuite configBS" time="0.0">
    <ignored/>
  </testcase> <!-- @BeforeSuite configBS -->
</testsuite> <!-- Test2 -->
