<?xml version="1.0" encoding="UTF-8"?>
<!-- Generated by org.testng.reporters.JUnitXMLReporter -->
<testsuite ignored="2" hostname="DESKTOP-OQCH81E" failures="1" tests="1" name="Test" time="74.121" errors="0" timestamp="2024-10-29T15:35:44 IST">
  <testcase classname="com.comcast.crm.orgtest.CreateOrg_Indu_Phone_Test" name="createorganTest" time="35.946">
    <failure type="java.lang.AssertionError" message="expected [true] but found [false]">
      <![CDATA[java.lang.AssertionError: expected [true] but found [false]
at com.comcast.crm.assertUtility.assertUtility.hardAssert(assertUtility.java:21)
at com.comcast.crm.orgtest.CreateOrg_Indu_Phone_Test.createorganTest(CreateOrg_Indu_Phone_Test.java:54)
at java.base/java.util.ArrayList.forEach(ArrayList.java:1511)
... Removed 31 stack frames]]>
    </failure>
  </testcase> <!-- createorganTest -->
  <testcase classname="com.comcast.crm.orgtest.CreateOrg_Indu_Phone_Test" name="createorgwithphonenoTest" time="0.0">
    <ignored/>
  </testcase> <!-- createorgwithphonenoTest -->
  <testcase classname="com.comcast.crm.orgtest.CreateOrg_Indu_Phone_Test" name="createorganWithIndTest" time="0.0">
    <ignored/>
  </testcase> <!-- createorganWithIndTest -->
</testsuite> <!-- Test -->
